<?xml version="1.0" encoding="UTF-8"?>
<!-- Generated by org.testng.reporters.JUnitReportReporter -->
<testsuite hostname="B300LCOK" failures="0" tests="1" name="testng.NewTest" time="0.006" errors="0" timestamp="2023-04-21T09:07:06 IST" skipped="0">
  <testcase classname="testng.NewTest" name="f" time="0.006"/>
  <system-out/>
</testsuite> <!-- testng.NewTest -->
