<?xml version="1.0" encoding="UTF-8"?>
<!-- Generated by org.testng.reporters.JUnitReportReporter -->
<testsuite hostname="B300LCOK" failures="0" tests="1" name="testng.LoginPage" time="10.074" errors="0" timestamp="2023-04-21T09:21:20 IST" skipped="0">
  <testcase classname="testng.LoginPage" name="loginSite" time="10.074"/>
  <system-out/>
</testsuite> <!-- testng.LoginPage -->
